<?xml version="1.0" encoding="UTF-8"?>
<!-- Generated by org.testng.reporters.JUnitReportReporter -->
<testsuite hostname="DESKTOP-ILITG10" failures="0" tests="2" name="com.incubyte.testrunners.TestRunner" time="39.305" errors="0" timestamp="2024-11-26T09:57:31 IST" skipped="0">
  <testcase classname="com.incubyte.testrunners.TestRunner" name="runScenario" time="14.478"/>
  <system-out/>
  <testcase classname="com.incubyte.testrunners.TestRunner" name="runScenario" time="24.827"/>
  <system-out/>
</testsuite> <!-- com.incubyte.testrunners.TestRunner -->
